<?xml version="1.0" encoding="UTF-8"?>
<testsuite name="Chrome_230127197_Windows.MiniTest" errors="0" failures="0" tests="1" time="0.0010">
<testcase classname="Chrome_230127197_Windows.MiniTest" name="test1" time="0.0010"/>
</testsuite>
