<?xml version="1.0" encoding="UTF-8"?>
<testsuite name="Chrome_230127197_Windows.ParseFileTest" errors="0" failures="0" tests="1" time="0.0020">
<testcase classname="Chrome_230127197_Windows.ParseFileTest" name="test" time="0.0020"/>
</testsuite>
