<?xml version="1.0" encoding="UTF-8"?>
<testsuite name="Chrome_230127197_Windows.ParseTest" errors="0" failures="0" tests="25" time="0.026000002">
<testcase classname="Chrome_230127197_Windows.ParseTest" name="testBuild" time="0.0010"/>
<testcase classname="Chrome_230127197_Windows.ParseTest" name="testType" time="0.0010"/>
<testcase classname="Chrome_230127197_Windows.ParseTest" name="testBuildXml" time="0.0010"/>
<testcase classname="Chrome_230127197_Windows.ParseTest" name="testBuildTopLevelActions" time="0.0010"/>
<testcase classname="Chrome_230127197_Windows.ParseTest" name="testRepeat2ActionRef" time="0.0010"/>
<testcase classname="Chrome_230127197_Windows.ParseTest" name="testFindAction" time="0.0010"/>
<testcase classname="Chrome_230127197_Windows.ParseTest" name="testBuildTopLevelBullets" time="0.0010"/>
<testcase classname="Chrome_230127197_Windows.ParseTest" name="testBuildTopLevelFires" time="0.0010"/>
<testcase classname="Chrome_230127197_Windows.ParseTest" name="testParseBullet1" time="0.0010"/>
<testcase classname="Chrome_230127197_Windows.ParseTest" name="testParseBullet2" time="0.0010"/>
<testcase classname="Chrome_230127197_Windows.ParseTest" name="testParseDirection" time="0.0010"/>
<testcase classname="Chrome_230127197_Windows.ParseTest" name="testParseSpeed" time="0.0010"/>
<testcase classname="Chrome_230127197_Windows.ParseTest" name="testParseFire1" time="0.0010"/>
<testcase classname="Chrome_230127197_Windows.ParseTest" name="testParseFire2" time="0.0020"/>
<testcase classname="Chrome_230127197_Windows.ParseTest" name="testParseChangeDirection1" time="0.0"/>
<testcase classname="Chrome_230127197_Windows.ParseTest" name="testParseChangeDirection2" time="0.0010"/>
<testcase classname="Chrome_230127197_Windows.ParseTest" name="testParseChangeSpeed" time="0.0010"/>
<testcase classname="Chrome_230127197_Windows.ParseTest" name="testParseAccel" time="0.0010"/>
<testcase classname="Chrome_230127197_Windows.ParseTest" name="testParseWait" time="0.0010"/>
<testcase classname="Chrome_230127197_Windows.ParseTest" name="testParseVanish" time="0.0010"/>
<testcase classname="Chrome_230127197_Windows.ParseTest" name="testParseRepeat1" time="0.0010"/>
<testcase classname="Chrome_230127197_Windows.ParseTest" name="testParseRepeat2" time="0.0010"/>
<testcase classname="Chrome_230127197_Windows.ParseTest" name="testParseActionRef" time="0.0010"/>
<testcase classname="Chrome_230127197_Windows.ParseTest" name="testParseBulletRef" time="0.0020"/>
<testcase classname="Chrome_230127197_Windows.ParseTest" name="testParseFireRef" time="0.0010"/>
</testsuite>
